2025-10-14T17:03:56: TypeError: OAuth2Strategy requires a clientID option
2025-10-14T17:03:56:     at Strategy.OAuth2Strategy (/home/danford/Documents/isafari_global/backend/node_modules/passport-oauth2/lib/strategy.js:87:34)
2025-10-14T17:03:56:     at new Strategy (/home/danford/Documents/isafari_global/backend/node_modules/passport-google-oauth20/lib/strategy.js:52:18)
2025-10-14T17:03:56:     at Object.<anonymous> (/home/danford/Documents/isafari_global/backend/config/passport.js:8:14)
2025-10-14T17:03:56:     at Module._compile (node:internal/modules/cjs/loader:1356:14)
2025-10-14T17:03:56:     at Module._extensions..js (node:internal/modules/cjs/loader:1414:10)
2025-10-14T17:03:56:     at Module.load (node:internal/modules/cjs/loader:1197:32)
2025-10-14T17:03:56:     at Module._load (node:internal/modules/cjs/loader:1013:12)
2025-10-14T17:03:56:     at Module.require (node:internal/modules/cjs/loader:1225:19)
2025-10-14T17:03:56:     at Hook._require.Module.require (/usr/local/lib/node_modules/pm2/node_modules/require-in-the-middle/index.js:101:39)
2025-10-14T17:03:56:     at require (node:internal/modules/helpers:177:18)
2025-10-14T17:04:00: TypeError: OAuth2Strategy requires a clientID option
2025-10-14T17:04:00:     at Strategy.OAuth2Strategy (/home/danford/Documents/isafari_global/backend/node_modules/passport-oauth2/lib/strategy.js:87:34)
2025-10-14T17:04:00:     at new Strategy (/home/danford/Documents/isafari_global/backend/node_modules/passport-google-oauth20/lib/strategy.js:52:18)
2025-10-14T17:04:00:     at Object.<anonymous> (/home/danford/Documents/isafari_global/backend/config/passport.js:8:14)
2025-10-14T17:04:00:     at Module._compile (node:internal/modules/cjs/loader:1356:14)
2025-10-14T17:04:00:     at Module._extensions..js (node:internal/modules/cjs/loader:1414:10)
2025-10-14T17:04:00:     at Module.load (node:internal/modules/cjs/loader:1197:32)
2025-10-14T17:04:00:     at Module._load (node:internal/modules/cjs/loader:1013:12)
2025-10-14T17:04:00:     at Module.require (node:internal/modules/cjs/loader:1225:19)
2025-10-14T17:04:00:     at Hook._require.Module.require (/usr/local/lib/node_modules/pm2/node_modules/require-in-the-middle/index.js:101:39)
2025-10-14T17:04:00:     at require (node:internal/modules/helpers:177:18)
2025-10-14T17:04:03: TypeError: OAuth2Strategy requires a clientID option
2025-10-14T17:04:03:     at Strategy.OAuth2Strategy (/home/danford/Documents/isafari_global/backend/node_modules/passport-oauth2/lib/strategy.js:87:34)
2025-10-14T17:04:03:     at new Strategy (/home/danford/Documents/isafari_global/backend/node_modules/passport-google-oauth20/lib/strategy.js:52:18)
2025-10-14T17:04:03:     at Object.<anonymous> (/home/danford/Documents/isafari_global/backend/config/passport.js:8:14)
2025-10-14T17:04:03:     at Module._compile (node:internal/modules/cjs/loader:1356:14)
2025-10-14T17:04:03:     at Module._extensions..js (node:internal/modules/cjs/loader:1414:10)
2025-10-14T17:04:03:     at Module.load (node:internal/modules/cjs/loader:1197:32)
2025-10-14T17:04:03:     at Module._load (node:internal/modules/cjs/loader:1013:12)
2025-10-14T17:04:03:     at Module.require (node:internal/modules/cjs/loader:1225:19)
2025-10-14T17:04:03:     at Hook._require.Module.require (/usr/local/lib/node_modules/pm2/node_modules/require-in-the-middle/index.js:101:39)
2025-10-14T17:04:03:     at require (node:internal/modules/helpers:177:18)
2025-10-14T17:04:05: TypeError: OAuth2Strategy requires a clientID option
2025-10-14T17:04:05:     at Strategy.OAuth2Strategy (/home/danford/Documents/isafari_global/backend/node_modules/passport-oauth2/lib/strategy.js:87:34)
2025-10-14T17:04:05:     at new Strategy (/home/danford/Documents/isafari_global/backend/node_modules/passport-google-oauth20/lib/strategy.js:52:18)
2025-10-14T17:04:05:     at Object.<anonymous> (/home/danford/Documents/isafari_global/backend/config/passport.js:8:14)
2025-10-14T17:04:05:     at Module._compile (node:internal/modules/cjs/loader:1356:14)
2025-10-14T17:04:05:     at Module._extensions..js (node:internal/modules/cjs/loader:1414:10)
2025-10-14T17:04:05:     at Module.load (node:internal/modules/cjs/loader:1197:32)
2025-10-14T17:04:05:     at Module._load (node:internal/modules/cjs/loader:1013:12)
2025-10-14T17:04:05:     at Module.require (node:internal/modules/cjs/loader:1225:19)
2025-10-14T17:04:05:     at Hook._require.Module.require (/usr/local/lib/node_modules/pm2/node_modules/require-in-the-middle/index.js:101:39)
2025-10-14T17:04:05:     at require (node:internal/modules/helpers:177:18)
2025-10-14T17:04:08: TypeError: OAuth2Strategy requires a clientID option
2025-10-14T17:04:08:     at Strategy.OAuth2Strategy (/home/danford/Documents/isafari_global/backend/node_modules/passport-oauth2/lib/strategy.js:87:34)
2025-10-14T17:04:08:     at new Strategy (/home/danford/Documents/isafari_global/backend/node_modules/passport-google-oauth20/lib/strategy.js:52:18)
2025-10-14T17:04:08:     at Object.<anonymous> (/home/danford/Documents/isafari_global/backend/config/passport.js:8:14)
2025-10-14T17:04:08:     at Module._compile (node:internal/modules/cjs/loader:1356:14)
2025-10-14T17:04:08:     at Module._extensions..js (node:internal/modules/cjs/loader:1414:10)
2025-10-14T17:04:08:     at Module.load (node:internal/modules/cjs/loader:1197:32)
2025-10-14T17:04:08:     at Module._load (node:internal/modules/cjs/loader:1013:12)
2025-10-14T17:04:08:     at Module.require (node:internal/modules/cjs/loader:1225:19)
2025-10-14T17:04:08:     at Hook._require.Module.require (/usr/local/lib/node_modules/pm2/node_modules/require-in-the-middle/index.js:101:39)
2025-10-14T17:04:08:     at require (node:internal/modules/helpers:177:18)
2025-10-14T17:04:12: TypeError: OAuth2Strategy requires a clientID option
2025-10-14T17:04:12:     at Strategy.OAuth2Strategy (/home/danford/Documents/isafari_global/backend/node_modules/passport-oauth2/lib/strategy.js:87:34)
2025-10-14T17:04:12:     at new Strategy (/home/danford/Documents/isafari_global/backend/node_modules/passport-google-oauth20/lib/strategy.js:52:18)
2025-10-14T17:04:12:     at Object.<anonymous> (/home/danford/Documents/isafari_global/backend/config/passport.js:8:14)
2025-10-14T17:04:12:     at Module._compile (node:internal/modules/cjs/loader:1356:14)
2025-10-14T17:04:13:     at Module._extensions..js (node:internal/modules/cjs/loader:1414:10)
2025-10-14T17:04:13:     at Module.load (node:internal/modules/cjs/loader:1197:32)
2025-10-14T17:04:13:     at Module._load (node:internal/modules/cjs/loader:1013:12)
2025-10-14T17:04:13:     at Module.require (node:internal/modules/cjs/loader:1225:19)
2025-10-14T17:04:13:     at Hook._require.Module.require (/usr/local/lib/node_modules/pm2/node_modules/require-in-the-middle/index.js:101:39)
2025-10-14T17:04:13:     at require (node:internal/modules/helpers:177:18)
2025-10-14T17:04:15: TypeError: OAuth2Strategy requires a clientID option
2025-10-14T17:04:15:     at Strategy.OAuth2Strategy (/home/danford/Documents/isafari_global/backend/node_modules/passport-oauth2/lib/strategy.js:87:34)
2025-10-14T17:04:15:     at new Strategy (/home/danford/Documents/isafari_global/backend/node_modules/passport-google-oauth20/lib/strategy.js:52:18)
2025-10-14T17:04:15:     at Object.<anonymous> (/home/danford/Documents/isafari_global/backend/config/passport.js:8:14)
2025-10-14T17:04:15:     at Module._compile (node:internal/modules/cjs/loader:1356:14)
2025-10-14T17:04:15:     at Module._extensions..js (node:internal/modules/cjs/loader:1414:10)
2025-10-14T17:04:15:     at Module.load (node:internal/modules/cjs/loader:1197:32)
2025-10-14T17:04:15:     at Module._load (node:internal/modules/cjs/loader:1013:12)
2025-10-14T17:04:15:     at Module.require (node:internal/modules/cjs/loader:1225:19)
2025-10-14T17:04:15:     at Hook._require.Module.require (/usr/local/lib/node_modules/pm2/node_modules/require-in-the-middle/index.js:101:39)
2025-10-14T17:04:15:     at require (node:internal/modules/helpers:177:18)
2025-10-14T17:04:18: TypeError: OAuth2Strategy requires a clientID option
2025-10-14T17:04:18:     at Strategy.OAuth2Strategy (/home/danford/Documents/isafari_global/backend/node_modules/passport-oauth2/lib/strategy.js:87:34)
2025-10-14T17:04:18:     at new Strategy (/home/danford/Documents/isafari_global/backend/node_modules/passport-google-oauth20/lib/strategy.js:52:18)
2025-10-14T17:04:18:     at Object.<anonymous> (/home/danford/Documents/isafari_global/backend/config/passport.js:8:14)
2025-10-14T17:04:18:     at Module._compile (node:internal/modules/cjs/loader:1356:14)
2025-10-14T17:04:18:     at Module._extensions..js (node:internal/modules/cjs/loader:1414:10)
2025-10-14T17:04:18:     at Module.load (node:internal/modules/cjs/loader:1197:32)
2025-10-14T17:04:18:     at Module._load (node:internal/modules/cjs/loader:1013:12)
2025-10-14T17:04:18:     at Module.require (node:internal/modules/cjs/loader:1225:19)
2025-10-14T17:04:18:     at Hook._require.Module.require (/usr/local/lib/node_modules/pm2/node_modules/require-in-the-middle/index.js:101:39)
2025-10-14T17:04:18:     at require (node:internal/modules/helpers:177:18)
2025-10-14T17:04:22: TypeError: OAuth2Strategy requires a clientID option
2025-10-14T17:04:22:     at Strategy.OAuth2Strategy (/home/danford/Documents/isafari_global/backend/node_modules/passport-oauth2/lib/strategy.js:87:34)
2025-10-14T17:04:22:     at new Strategy (/home/danford/Documents/isafari_global/backend/node_modules/passport-google-oauth20/lib/strategy.js:52:18)
2025-10-14T17:04:22:     at Object.<anonymous> (/home/danford/Documents/isafari_global/backend/config/passport.js:8:14)
2025-10-14T17:04:22:     at Module._compile (node:internal/modules/cjs/loader:1356:14)
2025-10-14T17:04:22:     at Module._extensions..js (node:internal/modules/cjs/loader:1414:10)
2025-10-14T17:04:22:     at Module.load (node:internal/modules/cjs/loader:1197:32)
2025-10-14T17:04:22:     at Module._load (node:internal/modules/cjs/loader:1013:12)
2025-10-14T17:04:22:     at Module.require (node:internal/modules/cjs/loader:1225:19)
2025-10-14T17:04:22:     at Hook._require.Module.require (/usr/local/lib/node_modules/pm2/node_modules/require-in-the-middle/index.js:101:39)
2025-10-14T17:04:22:     at require (node:internal/modules/helpers:177:18)
2025-10-14T17:04:25: TypeError: OAuth2Strategy requires a clientID option
2025-10-14T17:04:25:     at Strategy.OAuth2Strategy (/home/danford/Documents/isafari_global/backend/node_modules/passport-oauth2/lib/strategy.js:87:34)
2025-10-14T17:04:25:     at new Strategy (/home/danford/Documents/isafari_global/backend/node_modules/passport-google-oauth20/lib/strategy.js:52:18)
2025-10-14T17:04:25:     at Object.<anonymous> (/home/danford/Documents/isafari_global/backend/config/passport.js:8:14)
2025-10-14T17:04:25:     at Module._compile (node:internal/modules/cjs/loader:1356:14)
2025-10-14T17:04:25:     at Module._extensions..js (node:internal/modules/cjs/loader:1414:10)
2025-10-14T17:04:25:     at Module.load (node:internal/modules/cjs/loader:1197:32)
2025-10-14T17:04:25:     at Module._load (node:internal/modules/cjs/loader:1013:12)
2025-10-14T17:04:25:     at Module.require (node:internal/modules/cjs/loader:1225:19)
2025-10-14T17:04:25:     at Hook._require.Module.require (/usr/local/lib/node_modules/pm2/node_modules/require-in-the-middle/index.js:101:39)
2025-10-14T17:04:25:     at require (node:internal/modules/helpers:177:18)
